2019-04-03 18:04:20  [ AWT-EventQueue-0:0 ] - [ INFO ]  Loading Default.tbc
2019-04-03 18:04:20  [ AWT-EventQueue-0:76 ] - [ INFO ]  Simulator starting
2019-04-03 18:04:29  [ AWT-EventQueue-0:8848 ] - [ INFO ]  Playing audio/Hello.wav
2019-04-03 18:04:32  [ AWT-EventQueue-0:12261 ] - [ INFO ]  Playing audio/GoodBye.wav
2019-04-03 18:04:33  [ AWT-EventQueue-0:13505 ] - [ INFO ]  Change audio set
2019-04-03 18:04:35  [ AWT-EventQueue-0:15043 ] - [ INFO ]  Change audio set
2019-04-03 18:04:36  [ AWT-EventQueue-0:15698 ] - [ INFO ]  Playing audio/Sad.wav
2019-04-03 18:05:08  [ AWT-EventQueue-0:0 ] - [ INFO ]  Loading Default.tbc
2019-04-03 18:05:08  [ AWT-EventQueue-0:76 ] - [ INFO ]  Simulator starting
2019-04-03 18:05:10  [ AWT-EventQueue-0:1658 ] - [ INFO ]  Playing audio/GoodBye.wav
2019-04-03 18:05:11  [ AWT-EventQueue-0:2167 ] - [ INFO ]  Playing audio/Wash Room.wav
2019-04-03 18:05:11  [ AWT-EventQueue-0:2574 ] - [ INFO ]  Playing audio/Wash Room.wav
2019-04-03 18:05:11  [ AWT-EventQueue-0:2875 ] - [ INFO ]  Playing audio/Sleep.wav
2019-04-03 18:05:11  [ AWT-EventQueue-0:3078 ] - [ INFO ]  Playing audio/Sleep.wav
2019-04-03 18:05:12  [ AWT-EventQueue-0:3382 ] - [ INFO ]  Playing audio/Inducto1.wav
2019-04-03 18:05:12  [ AWT-EventQueue-0:3584 ] - [ INFO ]  Playing audio/Inducto1.wav
2019-04-03 18:05:12  [ AWT-EventQueue-0:3786 ] - [ INFO ]  Playing audio/Hungry.wav
2019-04-03 18:05:12  [ AWT-EventQueue-0:3990 ] - [ INFO ]  Playing audio/Hungry.wav
2019-04-03 18:06:48  [ AWT-EventQueue-0:0 ] - [ INFO ]  Loading Default.tbc
2019-04-03 18:06:48  [ AWT-EventQueue-0:65 ] - [ INFO ]  Simulator starting
2019-04-03 18:06:49  [ AWT-EventQueue-0:1724 ] - [ INFO ]  Playing audio/Sleep.wav
2019-04-03 18:06:50  [ AWT-EventQueue-0:2437 ] - [ INFO ]  Playing audio/GoodBye.wav
2019-04-03 18:06:51  [ AWT-EventQueue-0:3147 ] - [ INFO ]  Playing audio/Hello.wav
2019-04-03 18:06:52  [ AWT-EventQueue-0:3786 ] - [ INFO ]  Change audio set
2019-04-03 18:06:52  [ AWT-EventQueue-0:4168 ] - [ INFO ]  Change audio set
2019-04-03 18:06:53  [ AWT-EventQueue-0:5179 ] - [ INFO ]  Playing audio/Inducto1.wav
2019-04-03 18:06:53  [ AWT-EventQueue-0:5482 ] - [ INFO ]  Playing audio/Hungry.wav
2019-04-03 18:06:53  [ AWT-EventQueue-0:5685 ] - [ INFO ]  Playing audio/Hungry.wav
